<?xml version="1.0" encoding="UTF-8"?>
<!-- Generated by org.testng.reporters.JUnitReportReporter -->
<testsuite hostname="jgb-pc" failures="0" tests="2" name="com.selenenium.App" time="0.219" errors="1" timestamp="22 Aug 2019 11:11:51 GMT" skipped="1">
  <testcase classname="com.selenenium.App" name="shouldSearchWithEbay" time="0.000">
    <skipped/>
  </testcase> <!-- shouldSearchWithEbay -->
  <testcase classname="com.selenenium.App" name="startSelendroidServer" time="0.219">
    <error message="io.selendroid.server.common.exceptions.SelendroidException: Environment variable &#039;ANDROID_HOME&#039; was not found!" type="java.lang.RuntimeException">
      <![CDATA[java.lang.RuntimeException: io.selendroid.server.common.exceptions.SelendroidException: Environment variable 'ANDROID_HOME' was not found!
at io.selendroid.standalone.server.model.SelendroidStandaloneDriver.initApplicationsUnderTest(SelendroidStandaloneDriver.java:175)
at io.selendroid.standalone.server.model.SelendroidStandaloneDriver.<init>(SelendroidStandaloneDriver.java:94)
at io.selendroid.standalone.server.SelendroidStandaloneServer.initializeSelendroidServer(SelendroidStandaloneServer.java:63)
at io.selendroid.standalone.server.SelendroidStandaloneServer.<init>(SelendroidStandaloneServer.java:52)
at io.selendroid.standalone.SelendroidLauncher.launchServer(SelendroidLauncher.java:65)
at io.selendroid.standalone.SelendroidLauncher.launchSelendroid(SelendroidLauncher.java:90)
at com.selenenium.App.startSelendroidServer(App.java:55)
at java.base/jdk.internal.reflect.NativeMethodAccessorImpl.invoke0(Native Method)
at java.base/jdk.internal.reflect.NativeMethodAccessorImpl.invoke(NativeMethodAccessorImpl.java:62)
at java.base/jdk.internal.reflect.DelegatingMethodAccessorImpl.invoke(DelegatingMethodAccessorImpl.java:43)
at java.base/java.lang.reflect.Method.invoke(Method.java:566)
at org.testng.internal.MethodInvocationHelper.invokeMethod(MethodInvocationHelper.java:124)
at org.testng.internal.MethodInvocationHelper.invokeMethodConsideringTimeout(MethodInvocationHelper.java:59)
at org.testng.internal.Invoker.invokeConfigurationMethod(Invoker.java:458)
at org.testng.internal.Invoker.invokeConfigurations(Invoker.java:222)
at org.testng.internal.Invoker.invokeConfigurations(Invoker.java:142)
at org.testng.internal.TestMethodWorker.invokeBeforeClassMethods(TestMethodWorker.java:168)
at org.testng.internal.TestMethodWorker.run(TestMethodWorker.java:105)
at org.testng.TestRunner.privateRun(TestRunner.java:648)
at org.testng.TestRunner.run(TestRunner.java:505)
at org.testng.SuiteRunner.runTest(SuiteRunner.java:455)
at org.testng.SuiteRunner.runSequentially(SuiteRunner.java:450)
at org.testng.SuiteRunner.privateRun(SuiteRunner.java:415)
at org.testng.SuiteRunner.run(SuiteRunner.java:364)
at org.testng.SuiteRunnerWorker.runSuite(SuiteRunnerWorker.java:52)
at org.testng.SuiteRunnerWorker.run(SuiteRunnerWorker.java:84)
at org.testng.TestNG.runSuitesSequentially(TestNG.java:1208)
at org.testng.TestNG.runSuitesLocally(TestNG.java:1137)
at org.testng.TestNG.runSuites(TestNG.java:1049)
at org.testng.TestNG.run(TestNG.java:1017)
at org.testng.remote.AbstractRemoteTestNG.run(AbstractRemoteTestNG.java:115)
at org.testng.remote.RemoteTestNG.initAndRun(RemoteTestNG.java:251)
at org.testng.remote.RemoteTestNG.main(RemoteTestNG.java:77)
Caused by: io.selendroid.server.common.exceptions.SelendroidException: Environment variable 'ANDROID_HOME' was not found!
at io.selendroid.standalone.android.AndroidSdk.androidHome(AndroidSdk.java:98)
at io.selendroid.standalone.android.AndroidSdk.platformToolsHome(AndroidSdk.java:87)
at io.selendroid.standalone.android.AndroidSdk.aapt(AndroidSdk.java:39)
at io.selendroid.standalone.android.impl.DefaultAndroidApp.deleteFileFromWithinApk(DefaultAndroidApp.java:107)
at io.selendroid.standalone.builder.SelendroidServerBuilder.deleteFileFromAppSilently(SelendroidServerBuilder.java:133)
at io.selendroid.standalone.builder.SelendroidServerBuilder.resignApp(SelendroidServerBuilder.java:142)
at io.selendroid.standalone.server.model.SelendroidStandaloneDriver.initApplicationsUnderTest(SelendroidStandaloneDriver.java:172)
... 32 more
]]>
    </error>
  </testcase> <!-- startSelendroidServer -->
</testsuite> <!-- com.selenenium.App -->
